<?xml version="1.0" encoding="UTF-8"?>
<!-- Generated by org.testng.reporters.JUnitXMLReporter -->
<testsuite ignored="1" hostname="Chandra" failures="0" tests="5" name="Test" time="6.388" errors="0" timestamp="2024-09-20T20:56:35 IST">
  <testcase classname="practice.ToLearnBatchExecution" name="m2" time="0.096"/>
  <testcase classname="practice.ToLearnBatchExecution" name="m3" time="0.003"/>
  <testcase classname="practice.ToLearnBatchExecution2" name="m4" time="6.013"/>
  <testcase classname="practice.ToLearnBatchExecution2" name="m5" time="0.004"/>
  <testcase classname="practice.ToLearnBatchExecution2" name="m6" time="0.003"/>
  <testcase classname="practice.ToLearnBatchExecution" name="m1" time="0.0">
    <ignored/>
  </testcase> <!-- m1 -->
</testsuite> <!-- Test -->
