<?xml version="1.0" encoding="UTF-8"?>
<testng-results ignored="0" total="1" passed="1" failed="0" skipped="0">
  <reporter-output>
    <line>
      <![CDATA[Asha3559 created successfully]]>
    </line>
  </reporter-output>
  <suite started-at="2024-09-27T13:47:37 IST" name="Default suite" finished-at="2024-09-27T13:48:04 IST" duration-ms="27304">
    <groups>
    </groups>
    <test started-at="2024-09-27T13:47:37 IST" name="Default test" finished-at="2024-09-27T13:48:04 IST" duration-ms="27304">
      <class name="vtigerUsingTestNG.CreateCampaignWithCloseDateUsingTestNGTest">
        <test-method is-config="true" signature="configBS()[pri:0, instance:vtigerUsingTestNG.CreateCampaignWithCloseDateUsingTestNGTest@6fe7aac8]" started-at="2024-09-27T13:47:37 IST" name="configBS" finished-at="2024-09-27T13:47:37 IST" duration-ms="9" status="PASS">
          <reporter-output>
          </reporter-output>
        </test-method> <!-- configBS -->
        <test-method is-config="true" signature="configBT()[pri:0, instance:vtigerUsingTestNG.CreateCampaignWithCloseDateUsingTestNGTest@6fe7aac8]" started-at="2024-09-27T13:47:37 IST" name="configBT" finished-at="2024-09-27T13:47:37 IST" duration-ms="0" status="PASS">
          <reporter-output>
          </reporter-output>
        </test-method> <!-- configBT -->
        <test-method is-config="true" signature="configBC()[pri:0, instance:vtigerUsingTestNG.CreateCampaignWithCloseDateUsingTestNGTest@6fe7aac8]" started-at="2024-09-27T13:47:37 IST" name="configBC" finished-at="2024-09-27T13:47:40 IST" duration-ms="3701" status="PASS">
          <reporter-output>
          </reporter-output>
        </test-method> <!-- configBC -->
        <test-method is-config="true" signature="configBM()[pri:0, instance:vtigerUsingTestNG.CreateCampaignWithCloseDateUsingTestNGTest@6fe7aac8]" started-at="2024-09-27T13:47:40 IST" name="configBM" finished-at="2024-09-27T13:47:45 IST" duration-ms="4743" status="PASS">
          <reporter-output>
          </reporter-output>
        </test-method> <!-- configBM -->
        <test-method signature="createCampaignTest()[pri:0, instance:vtigerUsingTestNG.CreateCampaignWithCloseDateUsingTestNGTest@6fe7aac8]" started-at="2024-09-27T13:47:45 IST" name="createCampaignTest" finished-at="2024-09-27T13:48:01 IST" duration-ms="15502" status="PASS">
          <reporter-output>
            <line>
              <![CDATA[Asha3559 created successfully]]>
            </line>
          </reporter-output>
        </test-method> <!-- createCampaignTest -->
        <test-method is-config="true" signature="configAM()[pri:0, instance:vtigerUsingTestNG.CreateCampaignWithCloseDateUsingTestNGTest@6fe7aac8]" started-at="2024-09-27T13:48:01 IST" name="configAM" finished-at="2024-09-27T13:48:03 IST" duration-ms="2496" status="PASS">
          <reporter-output>
          </reporter-output>
        </test-method> <!-- configAM -->
        <test-method is-config="true" signature="configAC()[pri:0, instance:vtigerUsingTestNG.CreateCampaignWithCloseDateUsingTestNGTest@6fe7aac8]" started-at="2024-09-27T13:48:03 IST" name="configAC" finished-at="2024-09-27T13:48:04 IST" duration-ms="821" status="PASS">
          <reporter-output>
          </reporter-output>
        </test-method> <!-- configAC -->
        <test-method is-config="true" signature="configAT()[pri:0, instance:vtigerUsingTestNG.CreateCampaignWithCloseDateUsingTestNGTest@6fe7aac8]" started-at="2024-09-27T13:48:04 IST" name="configAT" finished-at="2024-09-27T13:48:04 IST" duration-ms="0" status="PASS">
          <reporter-output>
          </reporter-output>
        </test-method> <!-- configAT -->
        <test-method is-config="true" signature="configAS()[pri:0, instance:vtigerUsingTestNG.CreateCampaignWithCloseDateUsingTestNGTest@6fe7aac8]" started-at="2024-09-27T13:48:04 IST" name="configAS" finished-at="2024-09-27T13:48:04 IST" duration-ms="0" status="PASS">
          <reporter-output>
          </reporter-output>
        </test-method> <!-- configAS -->
      </class> <!-- vtigerUsingTestNG.CreateCampaignWithCloseDateUsingTestNGTest -->
    </test> <!-- Default test -->
  </suite> <!-- Default suite -->
</testng-results>
